2020-06-03 13:04:40 +0000  Initial pipeline context: <IDEDistributionProcessingPipelineContext: 0x7ff9d1a88ab0; archive(resolved)='<IDEArchive: 0x7ff9d003bbb0>', distributionTask(resolved)='2', distributionDestination(resolved)='1', distributionMethod(resolved)='<IDEDistributionMethodDevelopmentSigned: 0x7ff9cafd7ea0>', team(resolved)='<IDEProvisioningDisambiguatableBasicTeam: 0x7ff9ce6cb9a0; teamID='FN9MKFTJ25', teamName='Alexander Murray', teamType='Individual', username='thelordmurray@me.com', isFreeProvisioningTeam='0'>'>
	Chain (13, self inclusive):
	<IDEDistributionProcessingPipelineContext: 0x7ff9d1a88ab0; archive = '<IDEArchive: 0x7ff9d003bbb0>', distributionMethod='<IDEDistributionMethodDevelopmentSigned: 0x7ff9cafd7ea0>', team='<IDEProvisioningDisambiguatableBasicTeam: 0x7ff9ce6cb9a0; teamID='FN9MKFTJ25', teamName='Alexander Murray', teamType='Individual', username='thelordmurray@me.com', isFreeProvisioningTeam='0'>'>
	<IDEDistributionProcessingPipelineContext: 0x7ff9cdcc9430; archive = '<IDEArchive: 0x7ff9d003bbb0>', distributionMethod='<IDEDistributionMethodDevelopmentSigned: 0x7ff9cafd7ea0>', team='<IDEProvisioningDisambiguatableBasicTeam: 0x7ff9ce6cb9a0; teamID='FN9MKFTJ25', teamName='Alexander Murray', teamType='Individual', username='thelordmurray@me.com', isFreeProvisioningTeam='0'>'>
	<IDEDistributionContext: 0x7ff9cba4d140; archive = '<IDEArchive: 0x7ff9d003bbb0>', distributionMethod='<IDEDistributionMethodDevelopmentSigned: 0x7ff9cafd7ea0>', team='<IDEProvisioningDisambiguatableBasicTeam: 0x7ff9ce6cb9a0; teamID='FN9MKFTJ25', teamName='Alexander Murray', teamType='Individual', username='thelordmurray@me.com', isFreeProvisioningTeam='0'>'>
	<IDEDistributionContext: 0x7ff9d01fb450; archive = '<IDEArchive: 0x7ff9d003bbb0>', distributionMethod='<IDEDistributionMethodDevelopmentSigned: 0x7ff9cafd7ea0>', team='<IDEProvisioningDisambiguatableBasicTeam: 0x7ff9ce6cb9a0; teamID='FN9MKFTJ25', teamName='Alexander Murray', teamType='Individual', username='thelordmurray@me.com', isFreeProvisioningTeam='0'>'>
	<IDEDistributionContext: 0x7ff9c9e58020; archive = '<IDEArchive: 0x7ff9d003bbb0>', distributionMethod='<IDEDistributionMethodDevelopmentSigned: 0x7ff9cafd7ea0>', team='<IDEProvisioningDisambiguatableBasicTeam: 0x7ff9ce6cb9a0; teamID='FN9MKFTJ25', teamName='Alexander Murray', teamType='Individual', username='thelordmurray@me.com', isFreeProvisioningTeam='0'>'>
	<IDEDistributionContext: 0x7ff9cee155a0; archive = '<IDEArchive: 0x7ff9d003bbb0>', distributionMethod='<IDEDistributionMethodDevelopmentSigned: 0x7ff9cafd7ea0>', team='<IDEProvisioningDisambiguatableBasicTeam: 0x7ff9ce6cb9a0; teamID='FN9MKFTJ25', teamName='Alexander Murray', teamType='Individual', username='thelordmurray@me.com', isFreeProvisioningTeam='0'>'>
	<IDEDistributionContext: 0x7ff9d05674c0; archive = '<IDEArchive: 0x7ff9d003bbb0>', distributionMethod='<IDEDistributionMethodDevelopmentSigned: 0x7ff9cafd7ea0>', team='<IDEProvisioningDisambiguatableBasicTeam: 0x7ff9ce6cb9a0; teamID='FN9MKFTJ25', teamName='Alexander Murray', teamType='Individual', username='thelordmurray@me.com', isFreeProvisioningTeam='0'>'>
	<IDEDistributionContext: 0x7ff9cdabf520; archive = '<IDEArchive: 0x7ff9d003bbb0>', distributionMethod='<IDEDistributionMethodDevelopmentSigned: 0x7ff9cafd7ea0>', team='<IDEProvisioningDisambiguatableBasicTeam: 0x7ff9ce6cb9a0; teamID='FN9MKFTJ25', teamName='Alexander Murray', teamType='Individual', username='thelordmurray@me.com', isFreeProvisioningTeam='0'>'>
	<IDEDistributionContext: 0x7ff9ce7170c0; archive = '<IDEArchive: 0x7ff9d003bbb0>', distributionMethod='<IDEDistributionMethodDevelopmentSigned: 0x7ff9cafd7ea0>', team='<IDEProvisioningDisambiguatableBasicTeam: 0x7ff9ce6cb9a0; teamID='FN9MKFTJ25', teamName='Alexander Murray', teamType='Individual', username='thelordmurray@me.com', isFreeProvisioningTeam='0'>'>
	<IDEDistributionContext: 0x7ff9c9a5c910; archive = '<IDEArchive: 0x7ff9d003bbb0>', distributionMethod='<IDEDistributionMethodDevelopmentSigned: 0x7ff9cafd7ea0>', team='(null)'>
	<IDEDistributionContext: 0x7ff9cca115d0; archive = '<IDEArchive: 0x7ff9d003bbb0>', distributionMethod='<IDEDistributionMethodDevelopmentSigned: 0x7ff9cafd7ea0>', team='(null)'>
	<IDEDistributionContext: 0x7ff9ce709d70; archive = '<IDEArchive: 0x7ff9d003bbb0>', distributionMethod='<IDEDistributionMethodDevelopmentSigned: 0x7ff9cafd7ea0>', team='(null)'>
	<IDEDistributionContext: 0x7ff9ce3f0ba0; archive = '<IDEArchive: 0x7ff9d003bbb0>', distributionMethod='(null)', team='(null)'>
</IDEDistributionProcessingPipelineContext: 0x7ff9d1a88ab0>
2020-06-03 13:04:40 +0000  Processing step: IDEDistributionCreateDestRootStep
2020-06-03 13:04:40 +0000  Processing step: IDEDistributionCopyItemStep
2020-06-03 13:04:40 +0000  Running /usr/bin/ditto '-V' '/Users/admin/Library/Developer/Xcode/Archives/2020-06-03/cleaner 03-06-2020, 16.04.xcarchive/Products/Applications/What colour bin?.app' '/var/folders/pd/f5zx6fp16xsdz40l4l8z13z00000gn/T/XcodeDistPipeline.~~~FMsbAK/Root/Payload/What colour bin?.app'
2020-06-03 13:04:40 +0000  >>> Copying /Users/admin/Library/Developer/Xcode/Archives/2020-06-03/cleaner 03-06-2020, 16.04.xcarchive/Products/Applications/What colour bin?.app 
2020-06-03 13:04:40 +0000  copying file ./_CodeSignature/CodeResources ... 
2020-06-03 13:04:40 +0000  9603 bytes for ./_CodeSignature/CodeResources
2020-06-03 13:04:40 +0000  copying file ./What colour bin? ... 
2020-06-03 13:04:40 +0000  817984 bytes for ./What colour bin?
2020-06-03 13:04:40 +0000  copying file ./BinTableViewCell.nib ... 
2020-06-03 13:04:40 +0000  5458 bytes for ./BinTableViewCell.nib
copying file ./cleaner.momd/VersionInfo.plist ... 
2020-06-03 13:04:40 +0000  198 bytes for ./cleaner.momd/VersionInfo.plist
copying file ./cleaner.momd/cleaner.mom ... 
2020-06-03 13:04:40 +0000  1549 bytes for ./cleaner.momd/cleaner.mom
copying file ./cleaner.momd/cleaner.omo ... 
2020-06-03 13:04:40 +0000  2600 bytes for ./cleaner.momd/cleaner.omo
2020-06-03 13:04:40 +0000  copying file ./Base.lproj/Main.storyboardc/BkC-b2-dwm-view-lLq-Cn-In8.nib ... 
2020-06-03 13:04:40 +0000  5688 bytes for ./Base.lproj/Main.storyboardc/BkC-b2-dwm-view-lLq-Cn-In8.nib
copying file ./Base.lproj/Main.storyboardc/JjR-ge-khM-view-U0v-2J-x0n.nib ... 
2020-06-03 13:04:41 +0000  10068 bytes for ./Base.lproj/Main.storyboardc/JjR-ge-khM-view-U0v-2J-x0n.nib
copying file ./Base.lproj/Main.storyboardc/gMR-oX-XQU-view-qXc-8I-Yzs.nib ... 
2020-06-03 13:04:41 +0000  11725 bytes for ./Base.lproj/Main.storyboardc/gMR-oX-XQU-view-qXc-8I-Yzs.nib
copying file ./Base.lproj/Main.storyboardc/binWeek.nib ... 
2020-06-03 13:04:41 +0000  1433 bytes for ./Base.lproj/Main.storyboardc/binWeek.nib
copying file ./Base.lproj/Main.storyboardc/binColour.nib ... 
2020-06-03 13:04:41 +0000  1457 bytes for ./Base.lproj/Main.storyboardc/binColour.nib
copying file ./Base.lproj/Main.storyboardc/binSetup.nib ... 
2020-06-03 13:04:41 +0000  1459 bytes for ./Base.lproj/Main.storyboardc/binSetup.nib
copying file ./Base.lproj/Main.storyboardc/binReminder.nib ... 
2020-06-03 13:04:41 +0000  1437 bytes for ./Base.lproj/Main.storyboardc/binReminder.nib
copying file ./Base.lproj/Main.storyboardc/96F-Jp-DOj-view-Law-CQ-nAg.nib ... 
2020-06-03 13:04:41 +0000  12848 bytes for ./Base.lproj/Main.storyboardc/96F-Jp-DOj-view-Law-CQ-nAg.nib
copying file ./Base.lproj/Main.storyboardc/binTable.nib ... 
2020-06-03 13:04:41 +0000  1175 bytes for ./Base.lproj/Main.storyboardc/binTable.nib
copying file ./Base.lproj/Main.storyboardc/ZcC-bs-SaT-view-tlk-di-BsA.nib ... 
2020-06-03 13:04:41 +0000  7104 bytes for ./Base.lproj/Main.storyboardc/ZcC-bs-SaT-view-tlk-di-BsA.nib
2020-06-03 13:04:41 +0000  copying file ./Base.lproj/Main.storyboardc/UIViewController-BYZ-38-t0r.nib ... 
2020-06-03 13:04:41 +0000  1223 bytes for ./Base.lproj/Main.storyboardc/UIViewController-BYZ-38-t0r.nib
2020-06-03 13:04:41 +0000  copying file ./Base.lproj/Main.storyboardc/aKg-pm-26I-view-tOS-6N-GWZ.nib ... 
2020-06-03 13:04:41 +0000  7449 bytes for ./Base.lproj/Main.storyboardc/aKg-pm-26I-view-tOS-6N-GWZ.nib
copying file ./Base.lproj/Main.storyboardc/BYZ-38-t0r-view-8bC-Xf-vdC.nib ... 
2020-06-03 13:04:41 +0000  6712 bytes for ./Base.lproj/Main.storyboardc/BYZ-38-t0r-view-8bC-Xf-vdC.nib
copying file ./Base.lproj/Main.storyboardc/binCollection.nib ... 
2020-06-03 13:04:41 +0000  1440 bytes for ./Base.lproj/Main.storyboardc/binCollection.nib
copying file ./Base.lproj/Main.storyboardc/mainView.nib ... 
2020-06-03 13:04:41 +0000  1449 bytes for ./Base.lproj/Main.storyboardc/mainView.nib
copying file ./Base.lproj/Main.storyboardc/LE0-go-sET-view-4uJ-hr-pre.nib ... 
2020-06-03 13:04:41 +0000  8553 bytes for ./Base.lproj/Main.storyboardc/LE0-go-sET-view-4uJ-hr-pre.nib
copying file ./Base.lproj/Main.storyboardc/binNotifi.nib ... 
2020-06-03 13:04:41 +0000  1432 bytes for ./Base.lproj/Main.storyboardc/binNotifi.nib
copying file ./Base.lproj/Main.storyboardc/fFB-g4-5e1-view-LlK-8e-Jjq.nib ... 
2020-06-03 13:04:41 +0000  8337 bytes for ./Base.lproj/Main.storyboardc/fFB-g4-5e1-view-LlK-8e-Jjq.nib
copying file ./Base.lproj/Main.storyboardc/Info.plist ... 
2020-06-03 13:04:41 +0000  477 bytes for ./Base.lproj/Main.storyboardc/Info.plist
2020-06-03 13:04:41 +0000  copying file ./Base.lproj/LaunchScreen.storyboardc/01J-lp-oVM-view-Ze5-6b-2t3.nib ... 
2020-06-03 13:04:41 +0000  1197 bytes for ./Base.lproj/LaunchScreen.storyboardc/01J-lp-oVM-view-Ze5-6b-2t3.nib
copying file ./Base.lproj/LaunchScreen.storyboardc/UIViewController-01J-lp-oVM.nib ... 
2020-06-03 13:04:41 +0000  896 bytes for ./Base.lproj/LaunchScreen.storyboardc/UIViewController-01J-lp-oVM.nib
copying file ./Base.lproj/LaunchScreen.storyboardc/Info.plist ... 
2020-06-03 13:04:41 +0000  258 bytes for ./Base.lproj/LaunchScreen.storyboardc/Info.plist
2020-06-03 13:04:41 +0000  copying file ./Assets.car ... 
2020-06-03 13:04:41 +0000  1867504 bytes for ./Assets.car
copying file ./embedded.mobileprovision ... 
2020-06-03 13:04:41 +0000  7408 bytes for ./embedded.mobileprovision
2020-06-03 13:04:41 +0000  copying file ./Info.plist ... 
2020-06-03 13:04:41 +0000  1586 bytes for ./Info.plist
copying file ./PkgInfo ... 
2020-06-03 13:04:41 +0000  8 bytes for ./PkgInfo
2020-06-03 13:04:41 +0000  /usr/bin/ditto exited with 0
2020-06-03 13:04:41 +0000  Processing step: IDEDistributionEmbedProfileStep
2020-06-03 13:04:41 +0000  Processing step: IDEDistributionAppThinningPlistStep
2020-06-03 13:04:41 +0000  Skipping step: IDEDistributionAppThinningPlistStep because it said so
2020-06-03 13:04:41 +0000  Processing step: IDEDistributionCompileBitcodeStep
2020-06-03 13:04:41 +0000  Skipping step: IDEDistributionCompileBitcodeStep because it said so
2020-06-03 13:04:41 +0000  Processing step: IDEDistributionCodeSlimmingStep
2020-06-03 13:04:41 +0000  Processing step: IDEDistributionCopyBCSymbolMapsStep
2020-06-03 13:04:41 +0000  Skipping step: IDEDistributionCopyBCSymbolMapsStep because it said so
2020-06-03 13:04:41 +0000  Processing step: IDEDistributionSymbolsStep
2020-06-03 13:04:41 +0000  Skipping step: IDEDistributionSymbolsStep because it said so
2020-06-03 13:04:41 +0000  Processing step: IDEDistributionAppThinningStep
2020-06-03 13:04:41 +0000  Skipping step: IDEDistributionAppThinningStep because it said so
2020-06-03 13:04:41 +0000  Processing step: IDEDistributionArchThinningStep
2020-06-03 13:04:41 +0000  Running /Users/admin/Public/Xcode.app/Contents/Developer/Toolchains/XcodeDefault.xctoolchain/usr/bin/lipo '/var/folders/pd/f5zx6fp16xsdz40l4l8z13z00000gn/T/XcodeDistPipeline.~~~FMsbAK/Root/Payload/What colour bin?.app/What colour bin?' '-verify_arch' 'arm64e'
2020-06-03 13:04:41 +0000  /Users/admin/Public/Xcode.app/Contents/Developer/Toolchains/XcodeDefault.xctoolchain/usr/bin/lipo exited with 1
2020-06-03 13:04:41 +0000  Skipping architecture thinning for item "What colour bin?" because arch "arm64e" wasn't found
2020-06-03 13:04:41 +0000  Processing step: IDEDistributionODRStep
2020-06-03 13:04:41 +0000  Processing step: IDEDistributionStripXattrsStep
2020-06-03 13:04:41 +0000  Running /usr/bin/xattr '-crs' '/var/folders/pd/f5zx6fp16xsdz40l4l8z13z00000gn/T/XcodeDistPipeline.~~~FMsbAK/Root/Payload/What colour bin?.app'
2020-06-03 13:04:43 +0000  /usr/bin/xattr exited with 0
2020-06-03 13:04:43 +0000  Processing step: IDEDistributionCodesignStep
2020-06-03 13:04:43 +0000  Entitlements for <IDEDistributionItem: 0x7ff9d1935790; bundleID='australia.cleaner', path='<DVTFilePath:0x7ff9cba1e170:'/Users/admin/Library/Developer/Xcode/Archives/2020-06-03/cleaner 03-06-2020, 16.04.xcarchive/Products/Applications/What colour bin?.app'>', codeSigningInfo='<_DVTCodeSigningInformation_Path: 0x7ff9cbd475e0; isSigned='1', isAdHocSigned='0', signingCertificate='<DVTSigningCertificate: 0x7ff9d13d4690; name='Apple Development: Alexander Murray (F47327BVVT)', hash='7BAB631CF6DE07F85ECC0C54FAA3252674D2531C', serialNumber='152C0AD2E956CF46', certificateKinds='(
    "1.2.840.113635.100.6.1.12",
    "1.2.840.113635.100.6.1.2"
), issueDate='2020-06-02 09:37:25 +0000''>', entitlements='{
    "application-identifier" = "FN9MKFTJ25.australia.cleaner";
    "com.apple.developer.team-identifier" = FN9MKFTJ25;
    "get-task-allow" = 1;
    "keychain-access-groups" =     (
        "FN9MKFTJ25.australia.cleaner"
    );
}', teamID='FN9MKFTJ25', identifier='australia.cleaner', executablePath='<DVTFilePath:0x7ff9c942b1f0:'/Users/admin/Library/Developer/Xcode/Archives/2020-06-03/cleaner 03-06-2020, 16.04.xcarchive/Products/Applications/What colour bin?.app/What colour bin?'>', hardenedRuntime='0'>'>: {
    "application-identifier" = "FN9MKFTJ25.australia.cleaner";
    "com.apple.developer.team-identifier" = FN9MKFTJ25;
    "get-task-allow" = 1;
    "keychain-access-groups" =     (
        "FN9MKFTJ25.australia.cleaner"
    );
}
2020-06-03 13:04:43 +0000  Writing entitlements for <IDEDistributionItem: 0x7ff9d1935790; bundleID='australia.cleaner', path='<DVTFilePath:0x7ff9cba1e170:'/Users/admin/Library/Developer/Xcode/Archives/2020-06-03/cleaner 03-06-2020, 16.04.xcarchive/Products/Applications/What colour bin?.app'>', codeSigningInfo='<_DVTCodeSigningInformation_Path: 0x7ff9cbd475e0; isSigned='1', isAdHocSigned='0', signingCertificate='<DVTSigningCertificate: 0x7ff9cd933850; name='Apple Development: Alexander Murray (F47327BVVT)', hash='7BAB631CF6DE07F85ECC0C54FAA3252674D2531C', serialNumber='152C0AD2E956CF46', certificateKinds='(
    "1.2.840.113635.100.6.1.12",
    "1.2.840.113635.100.6.1.2"
), issueDate='2020-06-02 09:37:25 +0000''>', entitlements='{
    "application-identifier" = "FN9MKFTJ25.australia.cleaner";
    "com.apple.developer.team-identifier" = FN9MKFTJ25;
    "get-task-allow" = 1;
    "keychain-access-groups" =     (
        "FN9MKFTJ25.australia.cleaner"
    );
}', teamID='FN9MKFTJ25', identifier='australia.cleaner', executablePath='<DVTFilePath:0x7ff9c942b1f0:'/Users/admin/Library/Developer/Xcode/Archives/2020-06-03/cleaner 03-06-2020, 16.04.xcarchive/Products/Applications/What colour bin?.app/What colour bin?'>', hardenedRuntime='0'>'> to: /var/folders/pd/f5zx6fp16xsdz40l4l8z13z00000gn/T/XcodeDistPipeline.~~~FMsbAK/entitlements~~~yvYFRJ
2020-06-03 13:04:43 +0000  Running /usr/bin/codesign '-vvv' '--force' '--sign' '7BAB631CF6DE07F85ECC0C54FAA3252674D2531C' '--entitlements' '/var/folders/pd/f5zx6fp16xsdz40l4l8z13z00000gn/T/XcodeDistPipeline.~~~FMsbAK/entitlements~~~yvYFRJ' '--preserve-metadata=identifier,flags,runtime' '/var/folders/pd/f5zx6fp16xsdz40l4l8z13z00000gn/T/XcodeDistPipeline.~~~FMsbAK/Root/Payload/What colour bin?.app'
2020-06-03 13:04:44 +0000  /var/folders/pd/f5zx6fp16xsdz40l4l8z13z00000gn/T/XcodeDistPipeline.~~~FMsbAK/Root/Payload/What colour bin?.app: signed app bundle with Mach-O thin (arm64) [australia.cleaner]
2020-06-03 13:04:44 +0000  /usr/bin/codesign exited with 0
2020-06-03 13:04:44 +0000  Processing step: IDEDistributionZipODRItemStep
2020-06-03 13:04:44 +0000  Skipping step: IDEDistributionZipODRItemStep because it said so
2020-06-03 13:04:44 +0000  Processing step: IDEDistributionCreateIPAStep
2020-06-03 13:04:44 +0000  Running /usr/bin/ditto '-V' '-c' '-k' '--norsrc' '/var/folders/pd/f5zx6fp16xsdz40l4l8z13z00000gn/T/XcodeDistPipeline.~~~FMsbAK/Root' '/var/folders/pd/f5zx6fp16xsdz40l4l8z13z00000gn/T/XcodeDistPipeline.~~~FMsbAK/Packages/cleaner.ipa'
2020-06-03 13:04:44 +0000  >>> Copying /var/folders/pd/f5zx6fp16xsdz40l4l8z13z00000gn/T/XcodeDistPipeline.~~~FMsbAK/Root 
2020-06-03 13:04:44 +0000  copying file ./Payload/What colour bin?.app/_CodeSignature/CodeResources ... 
2020-06-03 13:04:44 +0000  9603 bytes for ./Payload/What colour bin?.app/_CodeSignature/CodeResources
copying file ./Payload/What colour bin?.app/What colour bin? ... 
2020-06-03 13:04:44 +0000  207040 bytes for ./Payload/What colour bin?.app/What colour bin?
copying file ./Payload/What colour bin?.app/BinTableViewCell.nib ... 
2020-06-03 13:04:44 +0000  5458 bytes for ./Payload/What colour bin?.app/BinTableViewCell.nib
copying file ./Payload/What colour bin?.app/cleaner.momd/VersionInfo.plist ... 
2020-06-03 13:04:44 +0000  198 bytes for ./Payload/What colour bin?.app/cleaner.momd/VersionInfo.plist
copying file ./Payload/What colour bin?.app/cleaner.momd/cleaner.mom ... 
1549 bytes for ./Payload/What colour bin?.app/cleaner.momd/cleaner.mom
2020-06-03 13:04:44 +0000  copying file ./Payload/What colour bin?.app/cleaner.momd/cleaner.omo ... 
2600 bytes for ./Payload/What colour bin?.app/cleaner.momd/cleaner.omo
2020-06-03 13:04:44 +0000  copying file ./Payload/What colour bin?.app/Base.lproj/Main.storyboardc/BkC-b2-dwm-view-lLq-Cn-In8.nib ... 
2020-06-03 13:04:44 +0000  5688 bytes for ./Payload/What colour bin?.app/Base.lproj/Main.storyboardc/BkC-b2-dwm-view-lLq-Cn-In8.nib
copying file ./Payload/What colour bin?.app/Base.lproj/Main.storyboardc/JjR-ge-khM-view-U0v-2J-x0n.nib ... 
2020-06-03 13:04:44 +0000  10068 bytes for ./Payload/What colour bin?.app/Base.lproj/Main.storyboardc/JjR-ge-khM-view-U0v-2J-x0n.nib
copying file ./Payload/What colour bin?.app/Base.lproj/Main.storyboardc/gMR-oX-XQU-view-qXc-8I-Yzs.nib ... 
2020-06-03 13:04:44 +0000  11725 bytes for ./Payload/What colour bin?.app/Base.lproj/Main.storyboardc/gMR-oX-XQU-view-qXc-8I-Yzs.nib
copying file ./Payload/What colour bin?.app/Base.lproj/Main.storyboardc/binWeek.nib ... 
2020-06-03 13:04:44 +0000  1433 bytes for ./Payload/What colour bin?.app/Base.lproj/Main.storyboardc/binWeek.nib
copying file ./Payload/What colour bin?.app/Base.lproj/Main.storyboardc/binColour.nib ... 
1457 bytes for ./Payload/What colour bin?.app/Base.lproj/Main.storyboardc/binColour.nib
copying file ./Payload/What colour bin?.app/Base.lproj/Main.storyboardc/binSetup.nib ... 
2020-06-03 13:04:44 +0000  1459 bytes for ./Payload/What colour bin?.app/Base.lproj/Main.storyboardc/binSetup.nib
copying file ./Payload/What colour bin?.app/Base.lproj/Main.storyboardc/binReminder.nib ... 
1437 bytes for ./Payload/What colour bin?.app/Base.lproj/Main.storyboardc/binReminder.nib
copying file ./Payload/What colour bin?.app/Base.lproj/Main.storyboardc/96F-Jp-DOj-view-Law-CQ-nAg.nib ... 
2020-06-03 13:04:44 +0000  12848 bytes for ./Payload/What colour bin?.app/Base.lproj/Main.storyboardc/96F-Jp-DOj-view-Law-CQ-nAg.nib
copying file ./Payload/What colour bin?.app/Base.lproj/Main.storyboardc/binTable.nib ... 
1175 bytes for ./Payload/What colour bin?.app/Base.lproj/Main.storyboardc/binTable.nib
copying file ./Payload/What colour bin?.app/Base.lproj/Main.storyboardc/ZcC-bs-SaT-view-tlk-di-BsA.nib ... 
7104 bytes for ./Payload/What colour bin?.app/Base.lproj/Main.storyboardc/ZcC-bs-SaT-view-tlk-di-BsA.nib
2020-06-03 13:04:44 +0000  copying file ./Payload/What colour bin?.app/Base.lproj/Main.storyboardc/UIViewController-BYZ-38-t0r.nib ... 
1223 bytes for ./Payload/What colour bin?.app/Base.lproj/Main.storyboardc/UIViewController-BYZ-38-t0r.nib
2020-06-03 13:04:44 +0000  copying file ./Payload/What colour bin?.app/Base.lproj/Main.storyboardc/aKg-pm-26I-view-tOS-6N-GWZ.nib ... 
2020-06-03 13:04:44 +0000  7449 bytes for ./Payload/What colour bin?.app/Base.lproj/Main.storyboardc/aKg-pm-26I-view-tOS-6N-GWZ.nib
copying file ./Payload/What colour bin?.app/Base.lproj/Main.storyboardc/BYZ-38-t0r-view-8bC-Xf-vdC.nib ... 
2020-06-03 13:04:44 +0000  6712 bytes for ./Payload/What colour bin?.app/Base.lproj/Main.storyboardc/BYZ-38-t0r-view-8bC-Xf-vdC.nib
copying file ./Payload/What colour bin?.app/Base.lproj/Main.storyboardc/binCollection.nib ... 
2020-06-03 13:04:44 +0000  1440 bytes for ./Payload/What colour bin?.app/Base.lproj/Main.storyboardc/binCollection.nib
copying file ./Payload/What colour bin?.app/Base.lproj/Main.storyboardc/mainView.nib ... 
1449 bytes for ./Payload/What colour bin?.app/Base.lproj/Main.storyboardc/mainView.nib
copying file ./Payload/What colour bin?.app/Base.lproj/Main.storyboardc/LE0-go-sET-view-4uJ-hr-pre.nib ... 
2020-06-03 13:04:44 +0000  8553 bytes for ./Payload/What colour bin?.app/Base.lproj/Main.storyboardc/LE0-go-sET-view-4uJ-hr-pre.nib
copying file ./Payload/What colour bin?.app/Base.lproj/Main.storyboardc/binNotifi.nib ... 
2020-06-03 13:04:44 +0000  1432 bytes for ./Payload/What colour bin?.app/Base.lproj/Main.storyboardc/binNotifi.nib
copying file ./Payload/What colour bin?.app/Base.lproj/Main.storyboardc/fFB-g4-5e1-view-LlK-8e-Jjq.nib ... 
2020-06-03 13:04:44 +0000  8337 bytes for ./Payload/What colour bin?.app/Base.lproj/Main.storyboardc/fFB-g4-5e1-view-LlK-8e-Jjq.nib
copying file ./Payload/What colour bin?.app/Base.lproj/Main.storyboardc/Info.plist ... 
477 bytes for ./Payload/What colour bin?.app/Base.lproj/Main.storyboardc/Info.plist
2020-06-03 13:04:44 +0000  copying file ./Payload/What colour bin?.app/Base.lproj/LaunchScreen.storyboardc/01J-lp-oVM-view-Ze5-6b-2t3.nib ... 
1197 bytes for ./Payload/What colour bin?.app/Base.lproj/LaunchScreen.storyboardc/01J-lp-oVM-view-Ze5-6b-2t3.nib
copying file ./Payload/What colour bin?.app/Base.lproj/LaunchScreen.storyboardc/UIViewController-01J-lp-oVM.nib ... 
2020-06-03 13:04:44 +0000  896 bytes for ./Payload/What colour bin?.app/Base.lproj/LaunchScreen.storyboardc/UIViewController-01J-lp-oVM.nib
copying file ./Payload/What colour bin?.app/Base.lproj/LaunchScreen.storyboardc/Info.plist ... 
258 bytes for ./Payload/What colour bin?.app/Base.lproj/LaunchScreen.storyboardc/Info.plist
copying file ./Payload/What colour bin?.app/Assets.car ... 
2020-06-03 13:04:44 +0000  1867504 bytes for ./Payload/What colour bin?.app/Assets.car
copying file ./Payload/What colour bin?.app/embedded.mobileprovision ... 
2020-06-03 13:04:44 +0000  7408 bytes for ./Payload/What colour bin?.app/embedded.mobileprovision
copying file ./Payload/What colour bin?.app/Info.plist ... 
1586 bytes for ./Payload/What colour bin?.app/Info.plist
copying file ./Payload/What colour bin?.app/PkgInfo ... 
8 bytes for ./Payload/What colour bin?.app/PkgInfo
2020-06-03 13:04:44 +0000  /usr/bin/ditto exited with 0
2020-06-03 13:04:44 +0000  Processing step: IDEDistributionAppStoreInformationStep
2020-06-03 13:04:44 +0000  Skipping step: IDEDistributionAppStoreInformationStep because it said so
2020-06-03 13:04:44 +0000  Processing step: IDEDistributionGenerateProcessedDistributionItems
2020-06-03 13:04:44 +0000  Processing step: IDEDistributionCreateManifestStep
